<!DOCTYPE html PUBLIC "-//W3C//DTD XHTML 1.1//EN" "https://www.w3.org/TR/xhtml11/DTD/xhtml11.dtd">
<html xmlns="https://www.w3.org/1999/xhtml">
<head>
<meta http-equiv="content-type" content="text/html; charset=UTF-8"/>
<title>TestNG Report</title>
<style type="text/css">table {margin-bottom:10px;border-collapse:collapse;empty-cells:show}th,td {border:1px solid #009;padding:.25em .5em}th {vertical-align:bottom}td {vertical-align:top}table a {font-weight:bold}.stripe td {background-color: #E6EBF9}.num {text-align:right}.passedodd td {background-color: #3F3}.passedeven td {background-color: #0A0}.skippedodd td {background-color: #DDD}.skippedeven td {background-color: #CCC}.failedodd td,.attn {background-color: #F33}.failedeven td,.stripe .attn {background-color: #D00}.stacktrace {white-space:pre;font-family:monospace}.totop {font-size:85%;text-align:center;border-bottom:2px solid #000}.invisible {display:none}</style>
</head>
<body>
<table>
<tr><th>Test</th><th># Passed</th><th># Skipped</th><th># Retried</th><th># Failed</th><th>Time (ms)</th><th>Included Groups</th><th>Excluded Groups</th></tr>
<tr><th colspan="8">Suite</th></tr>
<tr><td><a href="#t0">chrome</a></td><td class="num">1</td><td class="num">0</td><td class="num">0</td><td class="num">0</td><td class="num">17,350</td><td></td><td></td></tr>
<tr class="stripe"><td><a href="#t1">firefox</a></td><td class="num">1</td><td class="num">0</td><td class="num">0</td><td class="num">0</td><td class="num">30,592</td><td></td><td></td></tr>
<tr><td><a href="#t2">edge</a></td><td class="num">1</td><td class="num">0</td><td class="num">0</td><td class="num">0</td><td class="num">16,524</td><td></td><td></td></tr>
<tr class="stripe"><td><a href="#t3">safari</a></td><td class="num">0</td><td class="num attn">1</td><td class="num">0</td><td class="num">0</td><td class="num">62</td><td></td><td></td></tr>
<tr><th>Total</th><th class="num">3</th><th class="num attn">1</th><th class="num">0</th><th class="num">0</th><th class="num">64,528</th><th colspan="2"></th></tr>
</table>
<table id='summary'><thead><tr><th>Class</th><th>Method</th><th>Start</th><th>Time (ms)</th></tr></thead><tbody><tr><th colspan="4">Suite</th></tr></tbody><tbody id="t0"><tr><th colspan="4">chrome &#8212; passed</th></tr><tr class="passedeven"><td rowspan="1">tdd.AmeriHealth.Career.CareerPageTest</td><td><a href="#m0">careerPageTest</a></td><td rowspan="1">1678677655467</td><td rowspan="1">8528</td></tr></tbody>
<tbody id="t1"><tr><th colspan="4">firefox &#8212; passed</th></tr><tr class="passedeven"><td rowspan="1">tdd.AmeriHealth.Career.CareerPageTest</td><td><a href="#m1">careerPageTest</a></td><td rowspan="1">1678677681320</td><td rowspan="1">10552</td></tr></tbody>
<tbody id="t2"><tr><th colspan="4">edge &#8212; passed</th></tr><tr class="passedeven"><td rowspan="1">tdd.AmeriHealth.Career.CareerPageTest</td><td><a href="#m2">careerPageTest</a></td><td rowspan="1">1678677701789</td><td rowspan="1">9380</td></tr></tbody>
<tbody id="t3"><tr><th colspan="4">safari &#8212; failed (configuration methods)</th></tr><tr class="failedeven"><td rowspan="1">tdd.AmeriHealth.Career.CareerPageTest</td><td><a href="#m3">setUpDriver</a></td><td rowspan="1">1678677711495</td><td rowspan="1">22</td></tr><tr><th colspan="4">safari &#8212; skipped (configuration methods)</th></tr><tr class="skippedeven"><td rowspan="3">tdd.AmeriHealth.Career.CareerPageTest</td><td><a href="#m4">getResult</a></td><td rowspan="1">1678677711547</td><td rowspan="1">0</td></tr><tr class="skippedeven"><td><a href="#m5">startExtentReport</a></td><td rowspan="1">1678677711531</td><td rowspan="1">0</td></tr><tr class="skippedeven"><td><a href="#m6">tearup</a></td><td rowspan="1">1678677711551</td><td rowspan="1">0</td></tr><tr><th colspan="4">safari &#8212; skipped</th></tr><tr class="skippedeven"><td rowspan="1">tdd.AmeriHealth.Career.CareerPageTest</td><td><a href="#m7">careerPageTest</a></td><td rowspan="1">1678677711537</td><td rowspan="1">0</td></tr></tbody>
</table>
<h2>chrome</h2><h3 id="m0">tdd.AmeriHealth.Career.CareerPageTest#careerPageTest</h3><table class="result"><tr><th>Messages</th></tr><tr><td><div class="messages">Validating --->actual :The only plan you need.***Expected : The only plan you need.<br><br/>[[ChromeDriver: chrome on WINDOWS (9baab5b50176912a5c9615bee9268edf)] -> xpath: //a[text()='Careers']]<---->has been clicked<br><br/>Validating --->actual :Corporate culture***Expected : Corporate culture<br><br/>[[ChromeDriver: chrome on WINDOWS (9baab5b50176912a5c9615bee9268edf)] -> xpath: (//span[@class='btn_text'])[2]]<---->has been clicked<br></div></td></tr></table><p class="totop"><a href="#summary">back to summary</a></p>
<h2>firefox</h2><h3 id="m1">tdd.AmeriHealth.Career.CareerPageTest#careerPageTest</h3><table class="result"><tr><th>Messages</th></tr><tr><td><div class="messages">Validating --->actual :The only plan you need.***Expected : The only plan you need.<br><br/>[[FirefoxDriver: firefox on WINDOWS (271a309d-fde0-4b35-b481-4942cc983ae4)] -> xpath: //a[text()='Careers']]<---->has been clicked<br><br/>Validating --->actual :Corporate culture***Expected : Corporate culture<br><br/>[[FirefoxDriver: firefox on WINDOWS (271a309d-fde0-4b35-b481-4942cc983ae4)] -> xpath: (//span[@class='btn_text'])[2]]<---->has been clicked<br></div></td></tr></table><p class="totop"><a href="#summary">back to summary</a></p>
<h2>edge</h2><h3 id="m2">tdd.AmeriHealth.Career.CareerPageTest#careerPageTest</h3><table class="result"><tr><th>Messages</th></tr><tr><td><div class="messages">Validating --->actual :The only plan you need.***Expected : The only plan you need.<br><br/>[[EdgeDriver: msedge on WINDOWS (821bb91394b95b9ba88f5d18edb8b2cc)] -> xpath: //a[text()='Careers']]<---->has been clicked<br><br/>Validating --->actual :Corporate culture***Expected : Corporate culture<br><br/>[[EdgeDriver: msedge on WINDOWS (821bb91394b95b9ba88f5d18edb8b2cc)] -> xpath: (//span[@class='btn_text'])[2]]<---->has been clicked<br></div></td></tr></table><p class="totop"><a href="#summary">back to summary</a></p>
<h2>safari</h2><h3 id="m3">tdd.AmeriHealth.Career.CareerPageTest#setUpDriver</h3><table class="result"><tr class="param"><th>Parameter #1</th></tr><tr class="param stripe"><td>safari</td></tr><tr><th>Exception</th></tr><tr><td><div class="stacktrace">org.openqa.selenium.WebDriverException: Unable to find driver executable: \usr\bin\safaridriver(SafariDriver requires Safari 10 running on OSX El Capitan or greater.)
Build info: version: &apos;4.7.2&apos;, revision: &apos;4d4020c3b7&apos;
System info: os.name: &apos;Windows 11&apos;, os.arch: &apos;amd64&apos;, os.version: &apos;10.0&apos;, java.version: &apos;17.0.5&apos;
Driver info: driver.version: SafariDriver
	at org.openqa.selenium.safari.SafariDriverService$Builder.findDefaultExecutable(SafariDriverService.java:116)
	at org.openqa.selenium.remote.service.DriverService$Builder.build(DriverService.java:456)
	at org.openqa.selenium.safari.SafariDriverService.createDefaultService(SafariDriverService.java:73)
	at org.openqa.selenium.safari.SafariDriver.&lt;init&gt;(SafariDriver.java:60)
	at org.openqa.selenium.safari.SafariDriver.&lt;init&gt;(SafariDriver.java:49)
	at tdd.AmeriHealth.base.BaseClass.initDriver(BaseClass.java:96)
	at tdd.AmeriHealth.base.BaseClass.setUpDriver(BaseClass.java:66)
	at java.base/java.util.ArrayList.forEach(ArrayList.java:1511)
... Removed 31 stack frames</div></td></tr></table><p class="totop"><a href="#summary">back to summary</a></p>
<h3 id="m4">tdd.AmeriHealth.Career.CareerPageTest#getResult</h3><table class="result"><tr><th class="invisible"/></tr></table><p class="totop"><a href="#summary">back to summary</a></p>
<h3 id="m5">tdd.AmeriHealth.Career.CareerPageTest#startExtentReport</h3><table class="result"><tr><th class="invisible"/></tr></table><p class="totop"><a href="#summary">back to summary</a></p>
<h3 id="m6">tdd.AmeriHealth.Career.CareerPageTest#tearup</h3><table class="result"><tr><th class="invisible"/></tr></table><p class="totop"><a href="#summary">back to summary</a></p>
<h3 id="m7">tdd.AmeriHealth.Career.CareerPageTest#careerPageTest</h3><table class="result"><tr><th>Exception</th></tr><tr><td><div class="stacktrace">org.openqa.selenium.WebDriverException: Unable to find driver executable: \usr\bin\safaridriver(SafariDriver requires Safari 10 running on OSX El Capitan or greater.)
Build info: version: &apos;4.7.2&apos;, revision: &apos;4d4020c3b7&apos;
System info: os.name: &apos;Windows 11&apos;, os.arch: &apos;amd64&apos;, os.version: &apos;10.0&apos;, java.version: &apos;17.0.5&apos;
Driver info: driver.version: SafariDriver
	at org.openqa.selenium.safari.SafariDriverService$Builder.findDefaultExecutable(SafariDriverService.java:116)
	at org.openqa.selenium.remote.service.DriverService$Builder.build(DriverService.java:456)
	at org.openqa.selenium.safari.SafariDriverService.createDefaultService(SafariDriverService.java:73)
	at org.openqa.selenium.safari.SafariDriver.&lt;init&gt;(SafariDriver.java:60)
	at org.openqa.selenium.safari.SafariDriver.&lt;init&gt;(SafariDriver.java:49)
	at tdd.AmeriHealth.base.BaseClass.initDriver(BaseClass.java:96)
	at tdd.AmeriHealth.base.BaseClass.setUpDriver(BaseClass.java:66)
	at java.base/java.util.ArrayList.forEach(ArrayList.java:1511)
... Removed 31 stack frames</div></td></tr></table><p class="totop"><a href="#summary">back to summary</a></p>
</body>
</html>
