<?xml version="1.0" encoding="UTF-8"?>
<testng-results ignored="16" total="20" passed="3" failed="0" skipped="1">
  <reporter-output>
    <line>
      <![CDATA[Validating --->actual :The only plan you need.***Expected : The only plan you need.<br>]]>
    </line>
    <line>
      <![CDATA[[[ChromeDriver: chrome on WINDOWS (9baab5b50176912a5c9615bee9268edf)] -> xpath: //a[text()='Careers']]<---->has been clicked<br>]]>
    </line>
    <line>
      <![CDATA[Validating --->actual :Corporate culture***Expected : Corporate culture<br>]]>
    </line>
    <line>
      <![CDATA[[[ChromeDriver: chrome on WINDOWS (9baab5b50176912a5c9615bee9268edf)] -> xpath: (//span[@class='btn_text'])[2]]<---->has been clicked<br>]]>
    </line>
    <line>
      <![CDATA[Validating --->actual :The only plan you need.***Expected : The only plan you need.<br>]]>
    </line>
    <line>
      <![CDATA[[[FirefoxDriver: firefox on WINDOWS (271a309d-fde0-4b35-b481-4942cc983ae4)] -> xpath: //a[text()='Careers']]<---->has been clicked<br>]]>
    </line>
    <line>
      <![CDATA[Validating --->actual :Corporate culture***Expected : Corporate culture<br>]]>
    </line>
    <line>
      <![CDATA[[[FirefoxDriver: firefox on WINDOWS (271a309d-fde0-4b35-b481-4942cc983ae4)] -> xpath: (//span[@class='btn_text'])[2]]<---->has been clicked<br>]]>
    </line>
    <line>
      <![CDATA[Validating --->actual :The only plan you need.***Expected : The only plan you need.<br>]]>
    </line>
    <line>
      <![CDATA[[[EdgeDriver: msedge on WINDOWS (821bb91394b95b9ba88f5d18edb8b2cc)] -> xpath: //a[text()='Careers']]<---->has been clicked<br>]]>
    </line>
    <line>
      <![CDATA[Validating --->actual :Corporate culture***Expected : Corporate culture<br>]]>
    </line>
    <line>
      <![CDATA[[[EdgeDriver: msedge on WINDOWS (821bb91394b95b9ba88f5d18edb8b2cc)] -> xpath: (//span[@class='btn_text'])[2]]<---->has been clicked<br>]]>
    </line>
  </reporter-output>
  <suite started-at="2023-03-12T23:20:46 EDT" name="Suite" finished-at="2023-03-12T23:21:51 EDT" duration-ms="64614">
    <groups>
    </groups>
    <test started-at="2023-03-12T23:20:46 EDT" name="chrome" finished-at="2023-03-12T23:21:04 EDT" duration-ms="17350">
      <class name="tdd.AmeriHealth.Career.CareerPageTest">
        <test-method is-config="true" signature="setUpDriver(java.lang.String)[pri:0, instance:tdd.AmeriHealth.Career.CareerPageTest@78e4deb0]" started-at="2023-03-12T23:20:46 EDT" name="setUpDriver" finished-at="2023-03-12T23:20:55 EDT" duration-ms="8460" status="PASS">
          <params>
            <param index="0">
              <value>
                <![CDATA[chrome]]>
              </value>
            </param>
          </params>
          <reporter-output>
          </reporter-output>
        </test-method> <!-- setUpDriver -->
        <test-method is-config="true" signature="startExtentReport(java.lang.reflect.Method)[pri:0, instance:tdd.AmeriHealth.Career.CareerPageTest@78e4deb0]" started-at="2023-03-12T23:20:55 EDT" name="startExtentReport" finished-at="2023-03-12T23:20:55 EDT" duration-ms="18" status="PASS">
          <params>
            <param index="0">
              <value>
                <![CDATA[public void tdd.AmeriHealth.Career.CareerPageTest.careerPageTest() throws java.lang.InterruptedException]]>
              </value>
            </param>
          </params>
          <reporter-output>
          </reporter-output>
        </test-method> <!-- startExtentReport -->
        <test-method signature="careerPageTest()[pri:0, instance:tdd.AmeriHealth.Career.CareerPageTest@78e4deb0]" started-at="2023-03-12T23:20:55 EDT" name="careerPageTest" finished-at="2023-03-12T23:21:03 EDT" duration-ms="8528" status="PASS">
          <reporter-output>
            <line>
              <![CDATA[Validating --->actual :The only plan you need.***Expected : The only plan you need.<br>]]>
            </line>
            <line>
              <![CDATA[[[ChromeDriver: chrome on WINDOWS (9baab5b50176912a5c9615bee9268edf)] -> xpath: //a[text()='Careers']]<---->has been clicked<br>]]>
            </line>
            <line>
              <![CDATA[Validating --->actual :Corporate culture***Expected : Corporate culture<br>]]>
            </line>
            <line>
              <![CDATA[[[ChromeDriver: chrome on WINDOWS (9baab5b50176912a5c9615bee9268edf)] -> xpath: (//span[@class='btn_text'])[2]]<---->has been clicked<br>]]>
            </line>
          </reporter-output>
        </test-method> <!-- careerPageTest -->
        <test-method is-config="true" signature="getResult(org.testng.ITestResult,java.lang.reflect.Method)[pri:0, instance:tdd.AmeriHealth.Career.CareerPageTest@78e4deb0]" started-at="2023-03-12T23:21:04 EDT" name="getResult" finished-at="2023-03-12T23:21:04 EDT" duration-ms="1" status="PASS">
          <params>
            <param index="0">
              <value>
                <![CDATA[[TestResult name=careerPageTest status=SUCCESS method=CareerPageTest.careerPageTest()[pri:0, instance:tdd.AmeriHealth.Career.CareerPageTest@78e4deb0] output=Validating --->actual :The only plan you need.***Expected : The only plan you need.<br>]]]>
              </value>
            </param>
            <param index="1">
              <value>
                <![CDATA[public void tdd.AmeriHealth.Career.CareerPageTest.careerPageTest() throws java.lang.InterruptedException]]>
              </value>
            </param>
          </params>
          <reporter-output>
          </reporter-output>
        </test-method> <!-- getResult -->
        <test-method is-config="true" signature="tearup()[pri:0, instance:tdd.AmeriHealth.Career.CareerPageTest@78e4deb0]" started-at="2023-03-12T23:21:04 EDT" name="tearup" finished-at="2023-03-12T23:21:04 EDT" duration-ms="279" status="PASS">
          <reporter-output>
          </reporter-output>
        </test-method> <!-- tearup -->
      </class> <!-- tdd.AmeriHealth.Career.CareerPageTest -->
    </test> <!-- chrome -->
    <test started-at="2023-03-12T23:21:04 EDT" name="firefox" finished-at="2023-03-12T23:21:34 EDT" duration-ms="30592">
      <class name="tdd.AmeriHealth.Career.CareerPageTest">
        <test-method is-config="true" signature="setUpDriver(java.lang.String)[pri:0, instance:tdd.AmeriHealth.Career.CareerPageTest@8458f04]" started-at="2023-03-12T23:21:04 EDT" name="setUpDriver" finished-at="2023-03-12T23:21:21 EDT" duration-ms="16955" status="PASS">
          <params>
            <param index="0">
              <value>
                <![CDATA[firefox]]>
              </value>
            </param>
          </params>
          <reporter-output>
          </reporter-output>
        </test-method> <!-- setUpDriver -->
        <test-method is-config="true" signature="startExtentReport(java.lang.reflect.Method)[pri:0, instance:tdd.AmeriHealth.Career.CareerPageTest@8458f04]" started-at="2023-03-12T23:21:21 EDT" name="startExtentReport" finished-at="2023-03-12T23:21:21 EDT" duration-ms="2" status="PASS">
          <params>
            <param index="0">
              <value>
                <![CDATA[public void tdd.AmeriHealth.Career.CareerPageTest.careerPageTest() throws java.lang.InterruptedException]]>
              </value>
            </param>
          </params>
          <reporter-output>
          </reporter-output>
        </test-method> <!-- startExtentReport -->
        <test-method signature="careerPageTest()[pri:0, instance:tdd.AmeriHealth.Career.CareerPageTest@8458f04]" started-at="2023-03-12T23:21:21 EDT" name="careerPageTest" finished-at="2023-03-12T23:21:31 EDT" duration-ms="10552" status="PASS">
          <reporter-output>
            <line>
              <![CDATA[Validating --->actual :The only plan you need.***Expected : The only plan you need.<br>]]>
            </line>
            <line>
              <![CDATA[[[FirefoxDriver: firefox on WINDOWS (271a309d-fde0-4b35-b481-4942cc983ae4)] -> xpath: //a[text()='Careers']]<---->has been clicked<br>]]>
            </line>
            <line>
              <![CDATA[Validating --->actual :Corporate culture***Expected : Corporate culture<br>]]>
            </line>
            <line>
              <![CDATA[[[FirefoxDriver: firefox on WINDOWS (271a309d-fde0-4b35-b481-4942cc983ae4)] -> xpath: (//span[@class='btn_text'])[2]]<---->has been clicked<br>]]>
            </line>
          </reporter-output>
        </test-method> <!-- careerPageTest -->
        <test-method is-config="true" signature="getResult(org.testng.ITestResult,java.lang.reflect.Method)[pri:0, instance:tdd.AmeriHealth.Career.CareerPageTest@8458f04]" started-at="2023-03-12T23:21:31 EDT" name="getResult" finished-at="2023-03-12T23:21:31 EDT" duration-ms="3" status="PASS">
          <params>
            <param index="0">
              <value>
                <![CDATA[[TestResult name=careerPageTest status=SUCCESS method=CareerPageTest.careerPageTest()[pri:0, instance:tdd.AmeriHealth.Career.CareerPageTest@8458f04] output=Validating --->actual :The only plan you need.***Expected : The only plan you need.<br>]]]>
              </value>
            </param>
            <param index="1">
              <value>
                <![CDATA[public void tdd.AmeriHealth.Career.CareerPageTest.careerPageTest() throws java.lang.InterruptedException]]>
              </value>
            </param>
          </params>
          <reporter-output>
          </reporter-output>
        </test-method> <!-- getResult -->
        <test-method is-config="true" signature="tearup()[pri:0, instance:tdd.AmeriHealth.Career.CareerPageTest@8458f04]" started-at="2023-03-12T23:21:31 EDT" name="tearup" finished-at="2023-03-12T23:21:34 EDT" duration-ms="3063" status="PASS">
          <reporter-output>
          </reporter-output>
        </test-method> <!-- tearup -->
      </class> <!-- tdd.AmeriHealth.Career.CareerPageTest -->
    </test> <!-- firefox -->
    <test started-at="2023-03-12T23:21:34 EDT" name="edge" finished-at="2023-03-12T23:21:51 EDT" duration-ms="16524">
      <class name="tdd.AmeriHealth.Career.CareerPageTest">
        <test-method is-config="true" signature="setUpDriver(java.lang.String)[pri:0, instance:tdd.AmeriHealth.Career.CareerPageTest@7a35b0f5]" started-at="2023-03-12T23:21:34 EDT" name="setUpDriver" finished-at="2023-03-12T23:21:41 EDT" duration-ms="6826" status="PASS">
          <params>
            <param index="0">
              <value>
                <![CDATA[edge]]>
              </value>
            </param>
          </params>
          <reporter-output>
          </reporter-output>
        </test-method> <!-- setUpDriver -->
        <test-method is-config="true" signature="startExtentReport(java.lang.reflect.Method)[pri:0, instance:tdd.AmeriHealth.Career.CareerPageTest@7a35b0f5]" started-at="2023-03-12T23:21:41 EDT" name="startExtentReport" finished-at="2023-03-12T23:21:41 EDT" duration-ms="2" status="PASS">
          <params>
            <param index="0">
              <value>
                <![CDATA[public void tdd.AmeriHealth.Career.CareerPageTest.careerPageTest() throws java.lang.InterruptedException]]>
              </value>
            </param>
          </params>
          <reporter-output>
          </reporter-output>
        </test-method> <!-- startExtentReport -->
        <test-method signature="careerPageTest()[pri:0, instance:tdd.AmeriHealth.Career.CareerPageTest@7a35b0f5]" started-at="2023-03-12T23:21:41 EDT" name="careerPageTest" finished-at="2023-03-12T23:21:51 EDT" duration-ms="9380" status="PASS">
          <reporter-output>
            <line>
              <![CDATA[Validating --->actual :The only plan you need.***Expected : The only plan you need.<br>]]>
            </line>
            <line>
              <![CDATA[[[EdgeDriver: msedge on WINDOWS (821bb91394b95b9ba88f5d18edb8b2cc)] -> xpath: //a[text()='Careers']]<---->has been clicked<br>]]>
            </line>
            <line>
              <![CDATA[Validating --->actual :Corporate culture***Expected : Corporate culture<br>]]>
            </line>
            <line>
              <![CDATA[[[EdgeDriver: msedge on WINDOWS (821bb91394b95b9ba88f5d18edb8b2cc)] -> xpath: (//span[@class='btn_text'])[2]]<---->has been clicked<br>]]>
            </line>
          </reporter-output>
        </test-method> <!-- careerPageTest -->
        <test-method is-config="true" signature="getResult(org.testng.ITestResult,java.lang.reflect.Method)[pri:0, instance:tdd.AmeriHealth.Career.CareerPageTest@7a35b0f5]" started-at="2023-03-12T23:21:51 EDT" name="getResult" finished-at="2023-03-12T23:21:51 EDT" duration-ms="1" status="PASS">
          <params>
            <param index="0">
              <value>
                <![CDATA[[TestResult name=careerPageTest status=SUCCESS method=CareerPageTest.careerPageTest()[pri:0, instance:tdd.AmeriHealth.Career.CareerPageTest@7a35b0f5] output=Validating --->actual :The only plan you need.***Expected : The only plan you need.<br>]]]>
              </value>
            </param>
            <param index="1">
              <value>
                <![CDATA[public void tdd.AmeriHealth.Career.CareerPageTest.careerPageTest() throws java.lang.InterruptedException]]>
              </value>
            </param>
          </params>
          <reporter-output>
          </reporter-output>
        </test-method> <!-- getResult -->
        <test-method is-config="true" signature="tearup()[pri:0, instance:tdd.AmeriHealth.Career.CareerPageTest@7a35b0f5]" started-at="2023-03-12T23:21:51 EDT" name="tearup" finished-at="2023-03-12T23:21:51 EDT" duration-ms="308" status="PASS">
          <reporter-output>
          </reporter-output>
        </test-method> <!-- tearup -->
      </class> <!-- tdd.AmeriHealth.Career.CareerPageTest -->
    </test> <!-- edge -->
    <test started-at="2023-03-12T23:21:51 EDT" name="safari" finished-at="2023-03-12T23:21:51 EDT" duration-ms="62">
      <class name="tdd.AmeriHealth.Career.CareerPageTest">
        <test-method is-config="true" signature="initExtentReport()[pri:0, instance:tdd.AmeriHealth.Career.CareerPageTest@645aa696]" started-at="2023-03-12T23:20:46 EDT" name="initExtentReport" finished-at="2023-03-12T23:20:46 EDT" duration-ms="433" status="PASS">
          <reporter-output>
          </reporter-output>
        </test-method> <!-- initExtentReport -->
        <test-method is-config="true" signature="setUpDriver(java.lang.String)[pri:0, instance:tdd.AmeriHealth.Career.CareerPageTest@645aa696]" started-at="2023-03-12T23:21:51 EDT" name="setUpDriver" finished-at="2023-03-12T23:21:51 EDT" duration-ms="22" status="FAIL">
          <params>
            <param index="0">
              <value>
                <![CDATA[safari]]>
              </value>
            </param>
          </params>
          <exception class="org.openqa.selenium.WebDriverException">
            <message>
              <![CDATA[Unable to find driver executable: \usr\bin\safaridriver(SafariDriver requires Safari 10 running on OSX El Capitan or greater.)
Build info: version: '4.7.2', revision: '4d4020c3b7'
System info: os.name: 'Windows 11', os.arch: 'amd64', os.version: '10.0', java.version: '17.0.5'
Driver info: driver.version: SafariDriver]]>
            </message>
            <full-stacktrace>
              <![CDATA[org.openqa.selenium.WebDriverException: Unable to find driver executable: \usr\bin\safaridriver(SafariDriver requires Safari 10 running on OSX El Capitan or greater.)
Build info: version: '4.7.2', revision: '4d4020c3b7'
System info: os.name: 'Windows 11', os.arch: 'amd64', os.version: '10.0', java.version: '17.0.5'
Driver info: driver.version: SafariDriver
at org.openqa.selenium.safari.SafariDriverService$Builder.findDefaultExecutable(SafariDriverService.java:116)
at org.openqa.selenium.remote.service.DriverService$Builder.build(DriverService.java:456)
at org.openqa.selenium.safari.SafariDriverService.createDefaultService(SafariDriverService.java:73)
at org.openqa.selenium.safari.SafariDriver.<init>(SafariDriver.java:60)
at org.openqa.selenium.safari.SafariDriver.<init>(SafariDriver.java:49)
at tdd.AmeriHealth.base.BaseClass.initDriver(BaseClass.java:96)
at tdd.AmeriHealth.base.BaseClass.setUpDriver(BaseClass.java:66)
at java.base/jdk.internal.reflect.NativeMethodAccessorImpl.invoke0(Native Method)
at java.base/jdk.internal.reflect.NativeMethodAccessorImpl.invoke(NativeMethodAccessorImpl.java:77)
at java.base/jdk.internal.reflect.DelegatingMethodAccessorImpl.invoke(DelegatingMethodAccessorImpl.java:43)
at java.base/java.lang.reflect.Method.invoke(Method.java:568)
at org.testng.internal.invokers.MethodInvocationHelper.invokeMethod(MethodInvocationHelper.java:139)
at org.testng.internal.invokers.MethodInvocationHelper.invokeMethodConsideringTimeout(MethodInvocationHelper.java:69)
at org.testng.internal.invokers.ConfigInvoker.invokeConfigurationMethod(ConfigInvoker.java:361)
at org.testng.internal.invokers.ConfigInvoker.invokeConfigurations(ConfigInvoker.java:296)
at org.testng.internal.invokers.TestInvoker.runConfigMethods(TestInvoker.java:823)
at org.testng.internal.invokers.TestInvoker.invokeMethod(TestInvoker.java:590)
at org.testng.internal.invokers.TestInvoker.invokeTestMethod(TestInvoker.java:221)
at org.testng.internal.invokers.MethodRunner.runInSequence(MethodRunner.java:50)
at org.testng.internal.invokers.TestInvoker$MethodInvocationAgent.invoke(TestInvoker.java:969)
at org.testng.internal.invokers.TestInvoker.invokeTestMethods(TestInvoker.java:194)
at org.testng.internal.invokers.TestMethodWorker.invokeTestMethods(TestMethodWorker.java:148)
at org.testng.internal.invokers.TestMethodWorker.run(TestMethodWorker.java:128)
at java.base/java.util.ArrayList.forEach(ArrayList.java:1511)
at org.testng.TestRunner.privateRun(TestRunner.java:829)
at org.testng.TestRunner.run(TestRunner.java:602)
at org.testng.SuiteRunner.runTest(SuiteRunner.java:437)
at org.testng.SuiteRunner.runSequentially(SuiteRunner.java:431)
at org.testng.SuiteRunner.privateRun(SuiteRunner.java:391)
at org.testng.SuiteRunner.run(SuiteRunner.java:330)
at org.testng.SuiteRunnerWorker.runSuite(SuiteRunnerWorker.java:52)
at org.testng.SuiteRunnerWorker.run(SuiteRunnerWorker.java:95)
at org.testng.TestNG.runSuitesSequentially(TestNG.java:1256)
at org.testng.TestNG.runSuitesLocally(TestNG.java:1176)
at org.testng.TestNG.runSuites(TestNG.java:1099)
at org.testng.TestNG.run(TestNG.java:1067)
at org.testng.remote.AbstractRemoteTestNG.run(AbstractRemoteTestNG.java:115)
at org.testng.remote.RemoteTestNG.initAndRun(RemoteTestNG.java:251)
at org.testng.remote.RemoteTestNG.main(RemoteTestNG.java:77)
]]>
            </full-stacktrace>
          </exception> <!-- org.openqa.selenium.WebDriverException -->
          <reporter-output>
          </reporter-output>
        </test-method> <!-- setUpDriver -->
        <test-method is-config="true" signature="startExtentReport(java.lang.reflect.Method)[pri:0, instance:tdd.AmeriHealth.Career.CareerPageTest@645aa696]" started-at="2023-03-12T23:21:51 EDT" name="startExtentReport" finished-at="2023-03-12T23:21:51 EDT" duration-ms="0" status="SKIP">
          <reporter-output>
          </reporter-output>
        </test-method> <!-- startExtentReport -->
        <test-method signature="careerPageTest()[pri:0, instance:tdd.AmeriHealth.Career.CareerPageTest@645aa696]" started-at="2023-03-12T23:21:51 EDT" name="careerPageTest" finished-at="2023-03-12T23:21:51 EDT" duration-ms="0" status="SKIP">
          <exception class="org.openqa.selenium.WebDriverException">
            <message>
              <![CDATA[Unable to find driver executable: \usr\bin\safaridriver(SafariDriver requires Safari 10 running on OSX El Capitan or greater.)
Build info: version: '4.7.2', revision: '4d4020c3b7'
System info: os.name: 'Windows 11', os.arch: 'amd64', os.version: '10.0', java.version: '17.0.5'
Driver info: driver.version: SafariDriver]]>
            </message>
            <full-stacktrace>
              <![CDATA[org.openqa.selenium.WebDriverException: Unable to find driver executable: \usr\bin\safaridriver(SafariDriver requires Safari 10 running on OSX El Capitan or greater.)
Build info: version: '4.7.2', revision: '4d4020c3b7'
System info: os.name: 'Windows 11', os.arch: 'amd64', os.version: '10.0', java.version: '17.0.5'
Driver info: driver.version: SafariDriver
at org.openqa.selenium.safari.SafariDriverService$Builder.findDefaultExecutable(SafariDriverService.java:116)
at org.openqa.selenium.remote.service.DriverService$Builder.build(DriverService.java:456)
at org.openqa.selenium.safari.SafariDriverService.createDefaultService(SafariDriverService.java:73)
at org.openqa.selenium.safari.SafariDriver.<init>(SafariDriver.java:60)
at org.openqa.selenium.safari.SafariDriver.<init>(SafariDriver.java:49)
at tdd.AmeriHealth.base.BaseClass.initDriver(BaseClass.java:96)
at tdd.AmeriHealth.base.BaseClass.setUpDriver(BaseClass.java:66)
at java.base/jdk.internal.reflect.NativeMethodAccessorImpl.invoke0(Native Method)
at java.base/jdk.internal.reflect.NativeMethodAccessorImpl.invoke(NativeMethodAccessorImpl.java:77)
at java.base/jdk.internal.reflect.DelegatingMethodAccessorImpl.invoke(DelegatingMethodAccessorImpl.java:43)
at java.base/java.lang.reflect.Method.invoke(Method.java:568)
at org.testng.internal.invokers.MethodInvocationHelper.invokeMethod(MethodInvocationHelper.java:139)
at org.testng.internal.invokers.MethodInvocationHelper.invokeMethodConsideringTimeout(MethodInvocationHelper.java:69)
at org.testng.internal.invokers.ConfigInvoker.invokeConfigurationMethod(ConfigInvoker.java:361)
at org.testng.internal.invokers.ConfigInvoker.invokeConfigurations(ConfigInvoker.java:296)
at org.testng.internal.invokers.TestInvoker.runConfigMethods(TestInvoker.java:823)
at org.testng.internal.invokers.TestInvoker.invokeMethod(TestInvoker.java:590)
at org.testng.internal.invokers.TestInvoker.invokeTestMethod(TestInvoker.java:221)
at org.testng.internal.invokers.MethodRunner.runInSequence(MethodRunner.java:50)
at org.testng.internal.invokers.TestInvoker$MethodInvocationAgent.invoke(TestInvoker.java:969)
at org.testng.internal.invokers.TestInvoker.invokeTestMethods(TestInvoker.java:194)
at org.testng.internal.invokers.TestMethodWorker.invokeTestMethods(TestMethodWorker.java:148)
at org.testng.internal.invokers.TestMethodWorker.run(TestMethodWorker.java:128)
at java.base/java.util.ArrayList.forEach(ArrayList.java:1511)
at org.testng.TestRunner.privateRun(TestRunner.java:829)
at org.testng.TestRunner.run(TestRunner.java:602)
at org.testng.SuiteRunner.runTest(SuiteRunner.java:437)
at org.testng.SuiteRunner.runSequentially(SuiteRunner.java:431)
at org.testng.SuiteRunner.privateRun(SuiteRunner.java:391)
at org.testng.SuiteRunner.run(SuiteRunner.java:330)
at org.testng.SuiteRunnerWorker.runSuite(SuiteRunnerWorker.java:52)
at org.testng.SuiteRunnerWorker.run(SuiteRunnerWorker.java:95)
at org.testng.TestNG.runSuitesSequentially(TestNG.java:1256)
at org.testng.TestNG.runSuitesLocally(TestNG.java:1176)
at org.testng.TestNG.runSuites(TestNG.java:1099)
at org.testng.TestNG.run(TestNG.java:1067)
at org.testng.remote.AbstractRemoteTestNG.run(AbstractRemoteTestNG.java:115)
at org.testng.remote.RemoteTestNG.initAndRun(RemoteTestNG.java:251)
at org.testng.remote.RemoteTestNG.main(RemoteTestNG.java:77)
]]>
            </full-stacktrace>
          </exception> <!-- org.openqa.selenium.WebDriverException -->
          <reporter-output>
          </reporter-output>
        </test-method> <!-- careerPageTest -->
        <test-method is-config="true" signature="getResult(org.testng.ITestResult,java.lang.reflect.Method)[pri:0, instance:tdd.AmeriHealth.Career.CareerPageTest@645aa696]" started-at="2023-03-12T23:21:51 EDT" name="getResult" finished-at="2023-03-12T23:21:51 EDT" duration-ms="0" status="SKIP">
          <reporter-output>
          </reporter-output>
        </test-method> <!-- getResult -->
        <test-method is-config="true" signature="tearup()[pri:0, instance:tdd.AmeriHealth.Career.CareerPageTest@645aa696]" started-at="2023-03-12T23:21:51 EDT" name="tearup" finished-at="2023-03-12T23:21:51 EDT" duration-ms="0" status="SKIP">
          <reporter-output>
          </reporter-output>
        </test-method> <!-- tearup -->
        <test-method is-config="true" signature="closeReport()[pri:0, instance:tdd.AmeriHealth.Career.CareerPageTest@645aa696]" started-at="2023-03-12T23:21:51 EDT" name="closeReport" finished-at="2023-03-12T23:21:52 EDT" duration-ms="879" status="PASS">
          <reporter-output>
          </reporter-output>
        </test-method> <!-- closeReport -->
      </class> <!-- tdd.AmeriHealth.Career.CareerPageTest -->
    </test> <!-- safari -->
  </suite> <!-- Suite -->
</testng-results>
