<?xml version="1.0" encoding="UTF-8"?>
<!-- Generated by org.testng.reporters.JUnitReportReporter -->
<testsuite hostname="DESKTOP-QAMDQO9" failures="0" tests="21" name="tdd.AmeriHealth.Career.CareerPageTest" time="64.400" errors="1" timestamp="2023-03-12T23:21:52 EDT" skipped="17">
  <testcase classname="tdd.AmeriHealth.Career.CareerPageTest" name="careerPageTest" time="17.286"/>
  <system-out>
    <![CDATA[Validating --->actual :The only plan you need.***Expected : The only plan you need.<br>
[[ChromeDriver: chrome on WINDOWS (9baab5b50176912a5c9615bee9268edf)] -> xpath: //a[text()='Careers']]<---->has been clicked<br>
Validating --->actual :Corporate culture***Expected : Corporate culture<br>
[[ChromeDriver: chrome on WINDOWS (9baab5b50176912a5c9615bee9268edf)] -> xpath: (//span[@class='btn_text'])[2]]<---->has been clicked<br>]]>
  </system-out>
  <testcase classname="tdd.AmeriHealth.Career.CareerPageTest" name="setUpDriver" time="0.022">
    <error message="Unable to find driver executable: \usr\bin\safaridriver(SafariDriver requires Safari 10 running on OSX El Capitan or greater.)
Build info: version: &#039;4.7.2&#039;, revision: &#039;4d4020c3b7&#039;
System info: os.name: &#039;Windows 11&#039;, os.arch: &#039;amd64&#039;, os.version: &#039;10.0&#039;, java.version: &#039;17.0.5&#039;
Driver info: driver.version: SafariDriver" type="org.openqa.selenium.WebDriverException">
      <![CDATA[org.openqa.selenium.WebDriverException: Unable to find driver executable: \usr\bin\safaridriver(SafariDriver requires Safari 10 running on OSX El Capitan or greater.)
Build info: version: '4.7.2', revision: '4d4020c3b7'
System info: os.name: 'Windows 11', os.arch: 'amd64', os.version: '10.0', java.version: '17.0.5'
Driver info: driver.version: SafariDriver
at org.openqa.selenium.safari.SafariDriverService$Builder.findDefaultExecutable(SafariDriverService.java:116)
at org.openqa.selenium.remote.service.DriverService$Builder.build(DriverService.java:456)
at org.openqa.selenium.safari.SafariDriverService.createDefaultService(SafariDriverService.java:73)
at org.openqa.selenium.safari.SafariDriver.<init>(SafariDriver.java:60)
at org.openqa.selenium.safari.SafariDriver.<init>(SafariDriver.java:49)
at tdd.AmeriHealth.base.BaseClass.initDriver(BaseClass.java:96)
at tdd.AmeriHealth.base.BaseClass.setUpDriver(BaseClass.java:66)
at java.base/jdk.internal.reflect.NativeMethodAccessorImpl.invoke0(Native Method)
at java.base/jdk.internal.reflect.NativeMethodAccessorImpl.invoke(NativeMethodAccessorImpl.java:77)
at java.base/jdk.internal.reflect.DelegatingMethodAccessorImpl.invoke(DelegatingMethodAccessorImpl.java:43)
at java.base/java.lang.reflect.Method.invoke(Method.java:568)
at org.testng.internal.invokers.MethodInvocationHelper.invokeMethod(MethodInvocationHelper.java:139)
at org.testng.internal.invokers.MethodInvocationHelper.invokeMethodConsideringTimeout(MethodInvocationHelper.java:69)
at org.testng.internal.invokers.ConfigInvoker.invokeConfigurationMethod(ConfigInvoker.java:361)
at org.testng.internal.invokers.ConfigInvoker.invokeConfigurations(ConfigInvoker.java:296)
at org.testng.internal.invokers.TestInvoker.runConfigMethods(TestInvoker.java:823)
at org.testng.internal.invokers.TestInvoker.invokeMethod(TestInvoker.java:590)
at org.testng.internal.invokers.TestInvoker.invokeTestMethod(TestInvoker.java:221)
at org.testng.internal.invokers.MethodRunner.runInSequence(MethodRunner.java:50)
at org.testng.internal.invokers.TestInvoker$MethodInvocationAgent.invoke(TestInvoker.java:969)
at org.testng.internal.invokers.TestInvoker.invokeTestMethods(TestInvoker.java:194)
at org.testng.internal.invokers.TestMethodWorker.invokeTestMethods(TestMethodWorker.java:148)
at org.testng.internal.invokers.TestMethodWorker.run(TestMethodWorker.java:128)
at java.base/java.util.ArrayList.forEach(ArrayList.java:1511)
at org.testng.TestRunner.privateRun(TestRunner.java:829)
at org.testng.TestRunner.run(TestRunner.java:602)
at org.testng.SuiteRunner.runTest(SuiteRunner.java:437)
at org.testng.SuiteRunner.runSequentially(SuiteRunner.java:431)
at org.testng.SuiteRunner.privateRun(SuiteRunner.java:391)
at org.testng.SuiteRunner.run(SuiteRunner.java:330)
at org.testng.SuiteRunnerWorker.runSuite(SuiteRunnerWorker.java:52)
at org.testng.SuiteRunnerWorker.run(SuiteRunnerWorker.java:95)
at org.testng.TestNG.runSuitesSequentially(TestNG.java:1256)
at org.testng.TestNG.runSuitesLocally(TestNG.java:1176)
at org.testng.TestNG.runSuites(TestNG.java:1099)
at org.testng.TestNG.run(TestNG.java:1067)
at org.testng.remote.AbstractRemoteTestNG.run(AbstractRemoteTestNG.java:115)
at org.testng.remote.RemoteTestNG.initAndRun(RemoteTestNG.java:251)
at org.testng.remote.RemoteTestNG.main(RemoteTestNG.java:77)
]]>
    </error>
  </testcase> <!-- setUpDriver -->
  <system-out/>
  <testcase classname="tdd.AmeriHealth.Career.CareerPageTest" name="careerPageTest" time="30.575"/>
  <system-out>
    <![CDATA[Validating --->actual :The only plan you need.***Expected : The only plan you need.<br>
[[FirefoxDriver: firefox on WINDOWS (271a309d-fde0-4b35-b481-4942cc983ae4)] -> xpath: //a[text()='Careers']]<---->has been clicked<br>
Validating --->actual :Corporate culture***Expected : Corporate culture<br>
[[FirefoxDriver: firefox on WINDOWS (271a309d-fde0-4b35-b481-4942cc983ae4)] -> xpath: (//span[@class='btn_text'])[2]]<---->has been clicked<br>]]>
  </system-out>
  <testcase classname="tdd.AmeriHealth.Career.CareerPageTest" name="careerPageTest" time="16.517"/>
  <system-out>
    <![CDATA[Validating --->actual :The only plan you need.***Expected : The only plan you need.<br>
[[EdgeDriver: msedge on WINDOWS (821bb91394b95b9ba88f5d18edb8b2cc)] -> xpath: //a[text()='Careers']]<---->has been clicked<br>
Validating --->actual :Corporate culture***Expected : Corporate culture<br>
[[EdgeDriver: msedge on WINDOWS (821bb91394b95b9ba88f5d18edb8b2cc)] -> xpath: (//span[@class='btn_text'])[2]]<---->has been clicked<br>]]>
  </system-out>
  <testcase classname="tdd.AmeriHealth.Career.CareerPageTest" name="careerPageTest" time="0.000">
    <skipped/>
  </testcase> <!-- careerPageTest -->
  <system-out/>
  <testcase classname="tdd.AmeriHealth.Career.CareerPageTest" name="test2">
    <skipped/>
  </testcase> <!-- test2 -->
  <system-out/>
  <testcase classname="tdd.AmeriHealth.Career.CareerPageTest" name="failedTestScenarios">
    <skipped/>
  </testcase> <!-- failedTestScenarios -->
  <system-out/>
  <testcase classname="tdd.AmeriHealth.Career.CareerPageTest" name="test2">
    <skipped/>
  </testcase> <!-- test2 -->
  <system-out/>
  <testcase classname="tdd.AmeriHealth.Career.CareerPageTest" name="failedTestScenarios">
    <skipped/>
  </testcase> <!-- failedTestScenarios -->
  <system-out/>
  <testcase classname="tdd.AmeriHealth.Career.CareerPageTest" name="testRetry">
    <skipped/>
  </testcase> <!-- testRetry -->
  <system-out/>
  <testcase classname="tdd.AmeriHealth.Career.CareerPageTest" name="test1">
    <skipped/>
  </testcase> <!-- test1 -->
  <system-out/>
  <testcase classname="tdd.AmeriHealth.Career.CareerPageTest" name="failedTestScenarios">
    <skipped/>
  </testcase> <!-- failedTestScenarios -->
  <system-out/>
  <testcase classname="tdd.AmeriHealth.Career.CareerPageTest" name="test1">
    <skipped/>
  </testcase> <!-- test1 -->
  <system-out/>
  <testcase classname="tdd.AmeriHealth.Career.CareerPageTest" name="test1">
    <skipped/>
  </testcase> <!-- test1 -->
  <system-out/>
  <testcase classname="tdd.AmeriHealth.Career.CareerPageTest" name="test2">
    <skipped/>
  </testcase> <!-- test2 -->
  <system-out/>
  <testcase classname="tdd.AmeriHealth.Career.CareerPageTest" name="test2">
    <skipped/>
  </testcase> <!-- test2 -->
  <system-out/>
  <testcase classname="tdd.AmeriHealth.Career.CareerPageTest" name="testRetry">
    <skipped/>
  </testcase> <!-- testRetry -->
  <system-out/>
  <testcase classname="tdd.AmeriHealth.Career.CareerPageTest" name="failedTestScenarios">
    <skipped/>
  </testcase> <!-- failedTestScenarios -->
  <system-out/>
  <testcase classname="tdd.AmeriHealth.Career.CareerPageTest" name="test1">
    <skipped/>
  </testcase> <!-- test1 -->
  <system-out/>
  <testcase classname="tdd.AmeriHealth.Career.CareerPageTest" name="testRetry">
    <skipped/>
  </testcase> <!-- testRetry -->
  <system-out/>
  <testcase classname="tdd.AmeriHealth.Career.CareerPageTest" name="testRetry">
    <skipped/>
  </testcase> <!-- testRetry -->
  <system-out/>
</testsuite> <!-- tdd.AmeriHealth.Career.CareerPageTest -->
